[0.266s] Invoking command in '/home/wartybix/Workspaces/ros2_py_ws/src/my_ros2_pkg': PYTHONPATH=/home/wartybix/Workspaces/ros2_py_ws/build/my_ros2_pkg/prefix_override:/home/wartybix/Workspaces/ros2_py_ws/install/my_ros2_pkg/lib/python3.10/site-packages:${PYTHONPATH} /usr/bin/python3 setup.py egg_info --egg-base ../../build/my_ros2_pkg build --build-base /home/wartybix/Workspaces/ros2_py_ws/build/my_ros2_pkg/build install --record /home/wartybix/Workspaces/ros2_py_ws/build/my_ros2_pkg/install.log --single-version-externally-managed
[0.355s] running egg_info
[0.356s] writing ../../build/my_ros2_pkg/my_ros2_pkg.egg-info/PKG-INFO
[0.356s] writing dependency_links to ../../build/my_ros2_pkg/my_ros2_pkg.egg-info/dependency_links.txt
[0.356s] writing entry points to ../../build/my_ros2_pkg/my_ros2_pkg.egg-info/entry_points.txt
[0.356s] writing requirements to ../../build/my_ros2_pkg/my_ros2_pkg.egg-info/requires.txt
[0.356s] writing top-level names to ../../build/my_ros2_pkg/my_ros2_pkg.egg-info/top_level.txt
[0.357s] reading manifest file '../../build/my_ros2_pkg/my_ros2_pkg.egg-info/SOURCES.txt'
[0.357s] writing manifest file '../../build/my_ros2_pkg/my_ros2_pkg.egg-info/SOURCES.txt'
[0.357s] running build
[0.357s] running build_py
[0.357s] running install
[0.357s] /usr/lib/python3/dist-packages/setuptools/command/install.py:34: SetuptoolsDeprecationWarning: setup.py install is deprecated. Use build and pip and other standards-based tools.
[0.357s]   warnings.warn(
[0.357s] running install_lib
[0.358s] running install_data
[0.358s] running install_egg_info
[0.359s] removing '/home/wartybix/Workspaces/ros2_py_ws/install/my_ros2_pkg/lib/python3.10/site-packages/my_ros2_pkg-0.0.0-py3.10.egg-info' (and everything under it)
[0.359s] Copying ../../build/my_ros2_pkg/my_ros2_pkg.egg-info to /home/wartybix/Workspaces/ros2_py_ws/install/my_ros2_pkg/lib/python3.10/site-packages/my_ros2_pkg-0.0.0-py3.10.egg-info
[0.359s] running install_scripts
[0.368s] Installing publisher script to /home/wartybix/Workspaces/ros2_py_ws/install/my_ros2_pkg/lib/my_ros2_pkg
[0.368s] Installing subscriber script to /home/wartybix/Workspaces/ros2_py_ws/install/my_ros2_pkg/lib/my_ros2_pkg
[0.368s] writing list of installed files to '/home/wartybix/Workspaces/ros2_py_ws/build/my_ros2_pkg/install.log'
[0.377s] Invoked command in '/home/wartybix/Workspaces/ros2_py_ws/src/my_ros2_pkg' returned '0': PYTHONPATH=/home/wartybix/Workspaces/ros2_py_ws/build/my_ros2_pkg/prefix_override:/home/wartybix/Workspaces/ros2_py_ws/install/my_ros2_pkg/lib/python3.10/site-packages:${PYTHONPATH} /usr/bin/python3 setup.py egg_info --egg-base ../../build/my_ros2_pkg build --build-base /home/wartybix/Workspaces/ros2_py_ws/build/my_ros2_pkg/build install --record /home/wartybix/Workspaces/ros2_py_ws/build/my_ros2_pkg/install.log --single-version-externally-managed
