running egg_info
creating ../../build/my_ros2_pkg/my_ros2_pkg.egg-info
writing ../../build/my_ros2_pkg/my_ros2_pkg.egg-info/PKG-INFO
writing dependency_links to ../../build/my_ros2_pkg/my_ros2_pkg.egg-info/dependency_links.txt
writing entry points to ../../build/my_ros2_pkg/my_ros2_pkg.egg-info/entry_points.txt
writing requirements to ../../build/my_ros2_pkg/my_ros2_pkg.egg-info/requires.txt
writing top-level names to ../../build/my_ros2_pkg/my_ros2_pkg.egg-info/top_level.txt
writing manifest file '../../build/my_ros2_pkg/my_ros2_pkg.egg-info/SOURCES.txt'
reading manifest file '../../build/my_ros2_pkg/my_ros2_pkg.egg-info/SOURCES.txt'
writing manifest file '../../build/my_ros2_pkg/my_ros2_pkg.egg-info/SOURCES.txt'
running build
running build_py
creating /home/wartybix/Workspaces/ros2_py_ws/build/my_ros2_pkg/build
creating /home/wartybix/Workspaces/ros2_py_ws/build/my_ros2_pkg/build/lib
creating /home/wartybix/Workspaces/ros2_py_ws/build/my_ros2_pkg/build/lib/my_ros2_pkg
copying my_ros2_pkg/__init__.py -> /home/wartybix/Workspaces/ros2_py_ws/build/my_ros2_pkg/build/lib/my_ros2_pkg
copying my_ros2_pkg/publisher.py -> /home/wartybix/Workspaces/ros2_py_ws/build/my_ros2_pkg/build/lib/my_ros2_pkg
copying my_ros2_pkg/subscriber.py -> /home/wartybix/Workspaces/ros2_py_ws/build/my_ros2_pkg/build/lib/my_ros2_pkg
running install
running install_lib
creating /home/wartybix/Workspaces/ros2_py_ws/install/my_ros2_pkg/lib/python3.10/site-packages/my_ros2_pkg
/usr/lib/python3/dist-packages/setuptools/command/install.py:34: SetuptoolsDeprecationWarning: setup.py install is deprecated. Use build and pip and other standards-based tools.
  warnings.warn(
copying /home/wartybix/Workspaces/ros2_py_ws/build/my_ros2_pkg/build/lib/my_ros2_pkg/__init__.py -> /home/wartybix/Workspaces/ros2_py_ws/install/my_ros2_pkg/lib/python3.10/site-packages/my_ros2_pkg
copying /home/wartybix/Workspaces/ros2_py_ws/build/my_ros2_pkg/build/lib/my_ros2_pkg/publisher.py -> /home/wartybix/Workspaces/ros2_py_ws/install/my_ros2_pkg/lib/python3.10/site-packages/my_ros2_pkg
copying /home/wartybix/Workspaces/ros2_py_ws/build/my_ros2_pkg/build/lib/my_ros2_pkg/subscriber.py -> /home/wartybix/Workspaces/ros2_py_ws/install/my_ros2_pkg/lib/python3.10/site-packages/my_ros2_pkg
byte-compiling /home/wartybix/Workspaces/ros2_py_ws/install/my_ros2_pkg/lib/python3.10/site-packages/my_ros2_pkg/__init__.py to __init__.cpython-310.pyc
byte-compiling /home/wartybix/Workspaces/ros2_py_ws/install/my_ros2_pkg/lib/python3.10/site-packages/my_ros2_pkg/publisher.py to publisher.cpython-310.pyc
byte-compiling /home/wartybix/Workspaces/ros2_py_ws/install/my_ros2_pkg/lib/python3.10/site-packages/my_ros2_pkg/subscriber.py to subscriber.cpython-310.pyc
running install_data
creating /home/wartybix/Workspaces/ros2_py_ws/install/my_ros2_pkg/share/ament_index
creating /home/wartybix/Workspaces/ros2_py_ws/install/my_ros2_pkg/share/ament_index/resource_index
creating /home/wartybix/Workspaces/ros2_py_ws/install/my_ros2_pkg/share/ament_index/resource_index/packages
copying resource/my_ros2_pkg -> /home/wartybix/Workspaces/ros2_py_ws/install/my_ros2_pkg/share/ament_index/resource_index/packages
copying package.xml -> /home/wartybix/Workspaces/ros2_py_ws/install/my_ros2_pkg/share/my_ros2_pkg
running install_egg_info
Copying ../../build/my_ros2_pkg/my_ros2_pkg.egg-info to /home/wartybix/Workspaces/ros2_py_ws/install/my_ros2_pkg/lib/python3.10/site-packages/my_ros2_pkg-0.0.0-py3.10.egg-info
running install_scripts
writing list of installed files to '/home/wartybix/Workspaces/ros2_py_ws/build/my_ros2_pkg/install.log'
